#! c:/iverilog-x86/bin/vvp
:ivl_version "10.0 (stable)" "(v10_0)";
:ivl_delay_selection "TYPICAL";
:vpi_time_precision + 0;
:vpi_module "system";
:vpi_module "vhdl_sys";
:vpi_module "v2005_math";
:vpi_module "va_math";
S_02802c78 .scope module, "rgb_to_greyscale" "rgb_to_greyscale" 2 1;
 .timescale 0 0;
P_0103db28 .param/l "m" 0 2 3, +C4<00000000000000000000001100000000>;
P_0103db48 .param/l "n" 0 2 4, +C4<00000000000000000000010000000000>;
v02802d48 .array "blue", 786431 0, 7 0;
v0103e6d0 .array "bright", 2359295 0, 7 0;
v0103eea8_0 .var/i "file", 31 0;
v010333f8_0 .var/i "flag", 31 0;
v01033450 .array "green", 786431 0, 7 0;
v010334a8 .array "hexfile", 2359295 0, 7 0;
v01033500_0 .var/i "i", 31 0;
v01033558_0 .var/i "j", 31 0;
v02810760_0 .var/i "k", 31 0;
v028107b8 .array "red", 786431 0, 7 0;
    .scope S_02802c78;
T_0 ;
    %pushi/vec4 0, 0, 32;
    %store/vec4 v010333f8_0, 0, 32;
    %end;
    .thread T_0;
    .scope S_02802c78;
T_1 ;
    %pushi/vec4 0, 0, 32;
    %store/vec4 v02810760_0, 0, 32;
    %end;
    .thread T_1;
    .scope S_02802c78;
T_2 ;
    %vpi_call 2 17 "$readmemh", "image.hex", v010334a8 {0 0 0};
    %end;
    .thread T_2;
    .scope S_02802c78;
T_3 ;
    %pushi/vec4 0, 0, 32;
    %store/vec4 v01033500_0, 0, 32;
T_3.0 ;
    %load/vec4 v01033500_0;
    %cmpi/s 786432, 0, 32;
    %jmp/0xz T_3.1, 5;
    %ix/getv/s 4, v02810760_0;
    %load/vec4a v010334a8, 4;
    %ix/getv/s 4, v01033500_0;
    %store/vec4a v028107b8, 4, 0;
    %load/vec4 v02810760_0;
    %pad/s 33;
    %addi 1, 0, 33;
    %ix/vec4/s 4;
    %load/vec4a v010334a8, 4;
    %ix/getv/s 4, v01033500_0;
    %store/vec4a v01033450, 4, 0;
    %load/vec4 v02810760_0;
    %pad/s 33;
    %addi 2, 0, 33;
    %ix/vec4/s 4;
    %load/vec4a v010334a8, 4;
    %ix/getv/s 4, v01033500_0;
    %store/vec4a v02802d48, 4, 0;
    %pushi/vec4 255, 0, 32;
    %ix/getv/s 4, v01033500_0;
    %load/vec4a v028107b8, 4;
    %pad/u 32;
    %addi 32, 0, 32;
    %cmp/u;
    %jmp/0xz  T_3.2, 5;
    %pushi/vec4 255, 0, 8;
    %ix/getv/s 4, v02810760_0;
    %store/vec4a v0103e6d0, 4, 0;
    %jmp T_3.3;
T_3.2 ;
    %ix/getv/s 4, v01033500_0;
    %load/vec4a v028107b8, 4;
    %addi 31, 0, 8;
    %ix/getv/s 4, v02810760_0;
    %store/vec4a v0103e6d0, 4, 0;
T_3.3 ;
    %pushi/vec4 255, 0, 32;
    %ix/getv/s 4, v01033500_0;
    %load/vec4a v01033450, 4;
    %pad/u 32;
    %addi 32, 0, 32;
    %cmp/u;
    %jmp/0xz  T_3.4, 5;
    %pushi/vec4 255, 0, 8;
    %load/vec4 v02810760_0;
    %pad/s 33;
    %addi 1, 0, 33;
    %ix/vec4/s 4;
    %store/vec4a v0103e6d0, 4, 0;
    %jmp T_3.5;
T_3.4 ;
    %ix/getv/s 4, v01033500_0;
    %load/vec4a v01033450, 4;
    %addi 31, 0, 8;
    %load/vec4 v02810760_0;
    %pad/s 33;
    %addi 1, 0, 33;
    %ix/vec4/s 4;
    %store/vec4a v0103e6d0, 4, 0;
T_3.5 ;
    %pushi/vec4 255, 0, 32;
    %ix/getv/s 4, v01033500_0;
    %load/vec4a v02802d48, 4;
    %pad/u 32;
    %addi 32, 0, 32;
    %cmp/u;
    %jmp/0xz  T_3.6, 5;
    %pushi/vec4 255, 0, 8;
    %load/vec4 v02810760_0;
    %pad/s 33;
    %addi 2, 0, 33;
    %ix/vec4/s 4;
    %store/vec4a v0103e6d0, 4, 0;
    %jmp T_3.7;
T_3.6 ;
    %ix/getv/s 4, v01033500_0;
    %load/vec4a v02802d48, 4;
    %addi 31, 0, 8;
    %load/vec4 v02810760_0;
    %pad/s 33;
    %addi 2, 0, 33;
    %ix/vec4/s 4;
    %store/vec4a v0103e6d0, 4, 0;
T_3.7 ;
    %load/vec4 v02810760_0;
    %addi 3, 0, 32;
    %store/vec4 v02810760_0, 0, 32;
    %load/vec4 v01033500_0;
    %addi 1, 0, 32;
    %store/vec4 v01033500_0, 0, 32;
    %jmp T_3.0;
T_3.1 ;
    %pushi/vec4 1, 0, 32;
    %store/vec4 v010333f8_0, 0, 32;
    %end;
    .thread T_3;
    .scope S_02802c78;
T_4 ;
    %load/vec4 v010333f8_0;
    %cmpi/e 1, 0, 32;
    %jmp/0xz  T_4.0, 4;
    %vpi_func 2 44 "$fopen" 32, "output.hex", "w" {0 0 0};
    %store/vec4 v0103eea8_0, 0, 32;
    %pushi/vec4 0, 0, 32;
    %store/vec4 v01033558_0, 0, 32;
T_4.2 ;
    %load/vec4 v01033558_0;
    %cmpi/s 2359296, 0, 32;
    %jmp/0xz T_4.3, 5;
    %vpi_call 2 46 "$fwrite", v0103eea8_0, "%x\012", &A<v0103e6d0, v01033558_0 > {0 0 0};
    %load/vec4 v01033558_0;
    %addi 1, 0, 32;
    %store/vec4 v01033558_0, 0, 32;
    %jmp T_4.2;
T_4.3 ;
    %vpi_call 2 49 "$fclose", v0103eea8_0 {0 0 0};
T_4.0 ;
    %end;
    .thread T_4;
# The file index is used to find the file name in the following table.
:file_names 3;
    "N/A";
    "<interactive>";
    "brightness_i.v";
